<?xml version="1.0" encoding="UTF-8"?>
<testsuite xmlns:xsi="http://www.w3.org/2001/XMLSchema-instance" xsi:noNamespaceSchemaLocation="https://maven.apache.org/surefire/maven-surefire-plugin/xsd/surefire-test-report-3.0.xsd" version="3.0" name="br.edu.ifpb.padroes.store.MusicStoreTest" time="0.169" tests="6" errors="0" skipped="0" failures="0">
  <properties>
[...]
</properties>
  <testcase name="testPurchaseFailsDueToInsufficientCredit" classname="br.edu.ifpb.padroes.store.MusicStoreTest" time="0.077">
    <system-out><![CDATA[Added: The Tortured Poets Department
Validation failed: Insufficient credit
Out of stock!
]]></system-out>
  </testcase>
  <testcase name="testPurchaseFailsDueToAgeRestriction" classname="br.edu.ifpb.padroes.store.MusicStoreTest" time="0.012">
    <system-out><![CDATA[Added: Enema of the State
Validation failed: Age restriction
Out of stock!
]]></system-out>
  </testcase>
  <testcase name="testPurchaseFailsDueToOutOfStock" classname="br.edu.ifpb.padroes.store.MusicStoreTest" time="0.003">
    <system-out><![CDATA[Added: Mellon Collie and the Infinite Sadness
Validation failed: Out of stock
Out of stock!
]]></system-out>
  </testcase>
  <testcase name="testPurchaseAppliesOldVinylDiscount" classname="br.edu.ifpb.padroes.store.MusicStoreTest" time="0.018">
    <system-out><![CDATA[Added: The Rise and Fall of Ziggy Stardust and the Spiders from Mars
Purchase: The Rise and Fall of Ziggy Stardust and the Spiders from Mars - David Bowie (1972) by Premium Carl
Original price: $80.0
Discount: $20.0
Final price: $60.0
]]></system-out>
  </testcase>
  <testcase name="testPurchaseAppliesVIPDiscount" classname="br.edu.ifpb.padroes.store.MusicStoreTest" time="0.005">
    <system-out><![CDATA[Added: Man on the Moon: The End of Days
Purchase: Man on the Moon: The End of Days - Kid Cudi (1999) by VIP Johnny
Original price: $50.0
Discount: $12.5
Final price: $37.5
]]></system-out>
  </testcase>
  <testcase name="testSuccessfulPurchase" classname="br.edu.ifpb.padroes.store.MusicStoreTest" time="0.005">
    <system-out><![CDATA[Added: Reflektor
Purchase: Reflektor - Arcade Fire (2013) by John Doe
Original price: $150.0
Discount: $7.5
Final price: $142.5
]]></system-out>
  </testcase>
</testsuite>